.title biblioDuplicatesDetailed
.category Cataloging
.column bibid hidden
.column callno sort=callno func=biblio_edit_link
.layout deleteEmpty title="Delete having no copy"
.layout fixDuplicate title="Fix Duplicates"
.column title title="Title" sort=multi1 func=biblio_link
.column title_remainder title="Remainder of title"
.column author title="Author" sort=multi2
.column create_dt title="Record created on" sort=create_dt
.column copies title="No of Copies" sort=copies
.parameters
.	select criteria default=title title="Duplicate Criteria"
.		item remain title="Title, Title Remainder, Author"
.		item title title="Title, Author"
.		item title_only title="Title"
.		item title_not_author title="Same Title, Different Author"
.	end select
.	order_by default=multi1
.		item multi1 title="Title, Title Remainder, Date Created" type=multi expr="title, title_remainder, create_dt"
.		item multi2 title="Author, Title, Title Remainder, Date Created" type=multi expr="author, title, title_remainder, create_dt"
.		item title title="Title" expr='b1.title'
.		item callno
.		item title_remainder title="Title Remainder" expr='b1.title_remainder'
.		item author title="Author" expr='b1.author'
.		item create_dt title="Date Created" expr='b1.create_dt'
.		item copies title="No of copies"
.	end order_by
.end parameters
.sql
	CREATE TEMPORARY TABLE temp_dup (
		bibid integer auto_increment primary key
		,create_dt datetime not null
		,call_nmbr1 varchar(50) DEFAULT NULL
		,title varchar(160) null
		,title_remainder varchar(160) null
		,author varchar(80) null
		,index auth_index (author)
		,index titl_index (title)
		)
		ENGINE=HEAP
	SELECT bibid AS bibid, create_dt AS create_dt, call_nmbr1 AS call_nmbr1, title AS title
		, title_remainder AS title_remainder, author AS author
	FROM biblio
.end sql
.sql
	SELECT DISTINCT b1.bibid AS bibid, b1.title, b1.title_remainder, b1.author, b1.call_nmbr1 callno, b1.create_dt,
		(SELECT count(*) FROM biblio_copy WHERE biblio_copy.bibid=b1.bibid) AS copies
	FROM temp_dup b1, biblio b2
	WHERE b1.bibid <> b2.bibid
		AND b1.title=b2.title
.	if_equal criteria remain
		AND b1.title_remainder=b2.title_remainder
		AND b1.author=b2.author
.	end if_set
.	if_equal criteria title
		AND b1.author=b2.author
.	end if_set
.	if_equal criteria title_not_author
		AND b1.author!=b2.author
.	end if_set
.	order_by_expr
.end sql
.sql
drop table temp_dup
.end sql
