.title checkoutsDetailed
.category Circulation
.column bibid hidden
.column copyid hidden
.column mbrid hidden
.layout duedate_email title="Email Dues"
.column barcode_nmbr sort=barcode_nmbr
.column title sort=title func=biblio_link
.column author sort=author
.column member_bcode sort=member_bcode
.column name sort=name func=member_link
.column email sort=email
.column status_begin_dt sort=status_begin_dt
.column due_back_dt sort=due_back_dt
.column days_late sort=days_late
.column last_mail_dt sort=last_mail_dt
.column balance sort=balance
.column overdue sort=overdue
.column total sort=total
.parameters
.	date due_before title="Due on or before"
.	date due_after title="Due on or after"
.	date due_date title="Due on"
.	string days_late title="List of Days Late (spaced)"
.	date out_since title="Out since"
.	string mbr_barcodes title="List of Member Barcodes (spaced)"
.	string book_barcodes title="List of Book Barcodes (spaced)"
.	order_by
.		item barcode_nmbr expr='c.barcode_nmbr'
.		item title
.		item author
.		item member_bcode expr='m.barcode_nmbr'
.		item name expr="concat( m.first_name, ' ', m.last_name)"
.		item status_begin_dt
.		item email
.		item due_back_dt
.		item days_late type=numeric
.		item last_mail_dt
.		item balance type=numeric
.		item overdue type=numeric
.		item total type=numeric
.	end order_by
.	string book_barcode title="Book barcode Starts With"
.	string mbr_barcode title="Roll no Starts With"
.end parameters
.sql
	select c.bibid, c.copyid, m.mbrid, c.barcode_nmbr,
		b.title, b.author, c.status_begin_dt,
		m.email, c.last_mail_dt,
		c.due_back_dt, m.barcode_nmbr member_bcode,
		concat(m.first_name, ' ', m.last_name) name,
		IFNULL((SELECT sum(a.amount)
			FROM member_account a
			WHERE a.mbrid=m.mbrid
		),0) balance,
		IFNULL((SELECT sum(floor(to_days(now())-to_days(c.due_back_dt)))
			FROM biblio_copy c
			WHERE c.mbrid=m.mbrid
			AND floor(to_days(now())-to_days(c.due_back_dt)) > 0
                ),0) AS overdue,
		IFNULL((SELECT sum(a.amount)
			FROM member_account a
			WHERE a.mbrid=m.mbrid
		),0)+
		IFNULL((SELECT sum(floor(to_days(now())-to_days(c.due_back_dt))) 
		FROM biblio_copy c
		WHERE c.mbrid=m.mbrid
		AND floor(to_days(now())-to_days(c.due_back_dt)) > 0
		),0) AS total,
		floor(to_days(now())-to_days(c.due_back_dt)) days_late
	from biblio b, biblio_copy c, member m
	where b.bibid = c.bibid
		and c.mbrid = m.mbrid
		and c.status_cd = 'out'
.	if_set due_before
		and c.due_back_dt <= %due_before%
.	end if_set
.	if_set due_after
		and c.due_back_dt >= %due_after%
.	end if_set
.	if_set due_date
		and c.due_back_dt = %due_date%
.	end if_set
.	if_set days_late
		AND (0=1
.		foreach_word days_late
			OR floor(to_days(now())-to_days(c.due_back_dt)) = %days_late%
.		end foreach_word
			)
.	end if_set
.	if_set out_since
		and c.status_begin_dt >= %out_since%
.	end if_set
.	if_set mbr_barcode
		and m.barcode_nmbr LIKE '%"mbr_barcode%%%'
.	end if_set
.	if_set book_barcode
		and c.barcode_nmbr LIKE '%"book_barcode%%%'
.	end if_set
.	if_set book_barcodes
		AND (0=1
.		foreach_word book_barcodes
			OR c.barcode_nmbr=%book_barcodes%
.		end foreach_word
		)
.	end if_set
.	if_set mbr_barcodes
		AND (0=1
.		foreach_word mbr_barcodes
			OR m.barcode_nmbr=%mbr_barcodes%
.		end foreach_word
		)
.	end if_set
.	order_by_expr
.end sql
