.title copiesComment
.category "Cataloging"
.layout labels title="Labels"
.column copyid hidden
.column bibid hidden
.column barcode_nmbr title="Barcode" sort=barcode_nmbr
.column callno title="Call Num." sort=callno
.column author title=Author sort=author
.column title func=biblio_link title=Title sort=title
.column comment sort=comment title="Comment/Changes"
.column status sort=status
.column collection sort=collection
.parameters
.	select to_see default=comment title="To See"
.		item changes
.		item comment
.	end select
.	string barcode title="Barcode Starts With"
.	string barcodes title="List of Barcodes (spaced)"
.	date newer title="Newer than (Date or today)"
.	order_by default=barcode_nmbr
.		item barcode_nmbr title="Barcode"
.		item title title="Title"
.		item author
.		item callno
.		item comment
.		item status
.		item collection
.	end order_by
.end parameters

.sql
	select c.*, concat_ws(' ', b.call_nmbr1, b.call_nmbr2, b.call_nmbr3) callno,
		b.title, b.author, coll.description collection, bf.data comment, bsd.description status
	from biblio_copy c, biblio b, collection_dm coll, biblio_copy_fields bf, biblio_status_dm bsd
	where b.bibid=c.bibid 
		and coll.code=b.collection_cd
		and bf.bibid=c.bibid
		and bf.copyid=c.copyid
		and c.status_cd=bsd.code
		and bf.data !=""
.	if_equal to_see comment
		and bf.code="comment"
.	end if_set
.	if_equal to_see changes
		and bf.code="changes"
.	end if_set
.	if_set barcode
		and c.barcode_nmbr like '%"barcode%%%'
.	end if_set
.	if_set barcodes
		and (0=1
.		foreach_word barcodes
			or c.barcode_nmbr=%barcodes%
.		end foreach_word
		)
.	end if_set
.	if_set newer
		and c.create_dt >= %newer%
.	end if_set
.	order_by_expr
.end sql
