.title "Item Checkout History Detailed"
.category "History"
.column bibid hidden
.column call_num sort=call_num
.column barcode sort=barcode
.column title sort=title func=biblio_link
.column author sort=author
.column mbrid hidden
.column member sort=member func=member_link
.column checkout sort=checkout
.column due sort=due
.parameters
.	string title
.	string barcode title='List of Barcodes'
.	order_by default=checkout
.		item barcode
.		item call_num expr='CONCAT(b.call_nmbr1, b.call_nmbr2, b.call_nmbr3)'
.		item title expr='CONCAT(b.title,b.title_remainder)'
.		item author expr='b.author'
.		item member expr='CONCAT(m.last_name, m.first_name)'
.		item checkout expr='s.status_begin_dt'
.		item due expr='s.due_back_dt'
.	end order_by
.end parameters
.sql
	SELECT b.bibid,
		CONCAT_WS(' ', b.call_nmbr1, b.call_nmbr2, b.call_nmbr3) AS call_num,
		CONCAT(b.title, ' ', IFNULL(b.title_remainder, '')) AS title,
		b.author, m.mbrid,
		c.barcode_nmbr AS barcode,
		CONCAT(m.last_name,', ',  m.first_name) AS member,
		s.status_begin_dt AS checkout,
		s.due_back_dt AS due
	FROM biblio b, biblio_status_hist s, member m, biblio_copy c
	WHERE s.bibid=b.bibid AND s.mbrid=m.mbrid
		AND s.status_cd='out'
		AND c.bibid=b.bibid
		AND c.copyid=s.copyid
.if_set title
		AND CONCAT(b.title, ' ', IFNULL(b.title_remainder, '')) LIKE '%%%"title%%%'
.end if_set
.if_set call_num
		AND CONCAT_WS(' ', b.call_nmbr1, b.call_nmbr2, b.call_nmbr3) LIKE '%%%"call_num%%%'
.end if_set
.	order_by_expr
.end sql
