.title "Item History Detailed"
.category "History"
.column bibid hidden
.column call_num sort=call_num
.column barcode sort=barcode
.column title sort=title func=biblio_link
.column author sort=author
.column mbrid hidden
.column newStatus sort=newStatus
.column statusDt sort=statusDt
.column member sort=member func=member_link
.column due sort=due
.column renewalCount title="rc" sort=renewalCount
.parameters
.	string title
.	string barcode title='List of Barcodes'
.	date newer_than title="Newer than (Date or today)"
.       date older_than title="Older than (Date or today)"
.	order_by default=checkout
.		item barcode
.		item call_num expr='CONCAT(b.call_nmbr1, b.call_nmbr2, b.call_nmbr3)'
.		item title expr='CONCAT(b.title,b.title_remainder,s.status_begin_dt)'
.		item author expr='CONCAT(b.author,b.title,b.title_remainder,s.status_begin_dt)'
.		item member expr='CONCAT(m.last_name, m.first_name,s.status_begin_dt)'
.		item statusDt expr='s.status_begin_dt'
.		item newStatus expr='d.description'
.		item due expr='s.due_back_dt'
.		item renewalCount expr='s.renewal_count'
.	end order_by
.end parameters
.sql
	SELECT b.bibid,
		CONCAT_WS(' ', b.call_nmbr1, b.call_nmbr2, b.call_nmbr3) AS call_num,
		CONCAT(b.title, ' ', IFNULL(b.title_remainder, '')) AS title,
		b.author, m.mbrid,
		c.barcode_nmbr AS barcode,
		CONCAT(m.last_name,', ',  m.first_name) AS member,
		s.status_begin_dt AS statusDt, s.renewal_count AS renewalCount,
		d.description AS newStatus,
		s.due_back_dt AS due
	FROM biblio b, biblio_status_hist s, member m, biblio_copy c, biblio_status_dm d
	WHERE s.bibid=b.bibid 
		AND s.mbrid=m.mbrid
		AND c.bibid=b.bibid
		AND c.copyid=s.copyid
		AND d.code=s.status_cd
.	if_set title
		AND CONCAT(b.title, ' ', IFNULL(b.title_remainder, '')) LIKE '%%%"title%%%'
.	end if_set
.	if_set call_num
		AND CONCAT_WS(' ', b.call_nmbr1, b.call_nmbr2, b.call_nmbr3) LIKE '%%%"call_num%%%'
.	end if_set
.	if_set newer_than
		and s.status_begin_dt >= %newer_than%       
.	end if_set
.       if_set older_than
                and s.status_begin_dt >= %older_than%
.       end if_set
.	order_by_expr
.end sql
