.title "Late Returned Books"
.category "Account Statistics"
.column cycle title="Cycle"
.column lateReturnedCount title="Late Books"
.column lateMemberCount title="Members"
.column sumLateFineNPaid title="Fine"
.column lateMemberPCount title="#Paid"
.column sumLateFinePaid title="Fine Paid"
.column sumLateFine title="Total Fine"
.parameters
.	select timespan default=day title="Time Span"
.		item day title="Day"
.		item week title="Week"
.		item month title="Month"
.		item quarter title="Quarter"
.		item year title="Year"
.		item total title="Total"
.	end select
.end parameters
.sql
.	if_equal timespan day
		SELECT DATE_FORMAT((member_account.create_dt),
			'%%Y %%m %%d') cycle,
.	end if_set
.	if_equal timespan week
		SELECT DATE_FORMAT((member_account.create_dt),
			'%%x %%v') cycle,
.	end if_set
.	if_equal timespan month
		SELECT DATE_FORMAT((member_account.create_dt),
			'%%Y %%m') cycle,
.	end if_set
.	if_equal timespan quarter
		SELECT CONCAT(YEAR(member_account.create_dt),
			' ', QUARTER(member_account.create_dt)) cycle,
.	end if_set
.	if_equal timespan year
		SELECT YEAR(member_account.create_dt) cycle,
.	end if_set
.	if_equal timespan total
		SELECT 'Total' AS cycle,
.	end if_set
	COUNT(IF(transaction_type_cd="+c", 1, NULL)) AS lateReturnedCount,
	COUNT(DISTINCT IF(transaction_type_cd="+c", mbrid, NULL)) AS lateMemberCount,
	SUM(IF(transaction_type_cd="+c", amount, 0)) AS sumLateFineNPaid,
	COUNT(DISTINCT IF(transaction_type_cd!="+c", mbrid, NULL)) AS lateMemberPCount,
	SUM(IF(transaction_type_cd!="+c", -amount, 0)) AS sumLateFinePaid,
	SUM(amount) AS sumLateFine
	FROM member_account
	GROUP BY cycle
.end sql
